<?xml version="1.0" encoding="UTF-8"?>
<testsuite name="com.nemo.oceanAcademy.OceanAcademyApplicationTests" tests="1" skipped="0" failures="0" errors="0" timestamp="2024-08-12T07:44:13" hostname="gimsohuiui-MacBookPro.local" time="0.301">
  <properties/>
  <testcase name="contextLoads()" classname="com.nemo.oceanAcademy.OceanAcademyApplicationTests" time="0.301"/>
  <system-out><![CDATA[16:44:12.249 [Test worker] INFO org.springframework.test.context.support.AnnotationConfigContextLoaderUtils -- Could not detect default configuration classes for test class [com.nemo.oceanAcademy.OceanAcademyApplicationTests]: OceanAcademyApplicationTests does not declare any static, non-private, non-final, nested classes annotated with @Configuration.
16:44:12.284 [Test worker] INFO org.springframework.boot.test.context.SpringBootTestContextBootstrapper -- Found @SpringBootConfiguration com.nemo.oceanAcademy.OceanAcademyApplication for test class com.nemo.oceanAcademy.OceanAcademyApplicationTests

  .   ____          _            __ _ _
 /\\ / ___'_ __ _ _(_)_ __  __ _ \ \ \ \
( ( )\___ | '_ | '_| | '_ \/ _` | \ \ \ \
 \\/  ___)| |_)| | | | | || (_| |  ) ) ) )
  '  |____| .__|_| |_|_| |_\__, | / / / /
 =========|_|==============|___/=/_/_/_/

 :: Spring Boot ::                (v3.3.2)

2024-08-12T16:44:12.422+09:00  INFO 93967 --- [oceanAcademy] [    Test worker] c.n.o.OceanAcademyApplicationTests       : Starting OceanAcademyApplicationTests using Java 17.0.9 with PID 93967 (started by kimsohui in /Users/kimsohui/kakao/Nemo/NemoOceanAcademy_be)
2024-08-12T16:44:12.422+09:00  INFO 93967 --- [oceanAcademy] [    Test worker] c.n.o.OceanAcademyApplicationTests       : No active profile set, falling back to 1 default profile: "default"
2024-08-12T16:44:12.642+09:00  INFO 93967 --- [oceanAcademy] [    Test worker] .s.d.r.c.RepositoryConfigurationDelegate : Bootstrapping Spring Data JPA repositories in DEFAULT mode.
2024-08-12T16:44:12.649+09:00  INFO 93967 --- [oceanAcademy] [    Test worker] .s.d.r.c.RepositoryConfigurationDelegate : Finished Spring Data repository scanning in 4 ms. Found 0 JPA repository interfaces.
2024-08-12T16:44:12.793+09:00  INFO 93967 --- [oceanAcademy] [    Test worker] com.zaxxer.hikari.HikariDataSource       : HikariPool-1 - Starting...
2024-08-12T16:44:12.864+09:00  INFO 93967 --- [oceanAcademy] [    Test worker] com.zaxxer.hikari.pool.HikariPool        : HikariPool-1 - Added connection conn0: url=jdbc:h2:mem:6f1c2643-a46a-41b4-8a6e-4b562ee72ffe user=SA
2024-08-12T16:44:12.865+09:00  INFO 93967 --- [oceanAcademy] [    Test worker] com.zaxxer.hikari.HikariDataSource       : HikariPool-1 - Start completed.
2024-08-12T16:44:12.882+09:00  INFO 93967 --- [oceanAcademy] [    Test worker] o.hibernate.jpa.internal.util.LogHelper  : HHH000204: Processing PersistenceUnitInfo [name: default]
2024-08-12T16:44:12.899+09:00  INFO 93967 --- [oceanAcademy] [    Test worker] org.hibernate.Version                    : HHH000412: Hibernate ORM core version 6.5.2.Final
2024-08-12T16:44:12.912+09:00  INFO 93967 --- [oceanAcademy] [    Test worker] o.h.c.internal.RegionFactoryInitiator    : HHH000026: Second-level cache disabled
2024-08-12T16:44:13.011+09:00  INFO 93967 --- [oceanAcademy] [    Test worker] o.s.o.j.p.SpringPersistenceUnitInfo      : No LoadTimeWeaver setup: ignoring JPA class transformer
2024-08-12T16:44:13.140+09:00  INFO 93967 --- [oceanAcademy] [    Test worker] o.h.e.t.j.p.i.JtaPlatformInitiator       : HHH000489: No JTA platform available (set 'hibernate.transaction.jta.platform' to enable JTA platform integration)
2024-08-12T16:44:13.141+09:00  INFO 93967 --- [oceanAcademy] [    Test worker] j.LocalContainerEntityManagerFactoryBean : Initialized JPA EntityManagerFactory for persistence unit 'default'
2024-08-12T16:44:13.198+09:00  WARN 93967 --- [oceanAcademy] [    Test worker] JpaBaseConfiguration$JpaWebConfiguration : spring.jpa.open-in-view is enabled by default. Therefore, database queries may be performed during view rendering. Explicitly configure spring.jpa.open-in-view to disable this warning
2024-08-12T16:44:13.417+09:00  INFO 93967 --- [oceanAcademy] [    Test worker] c.n.o.OceanAcademyApplicationTests       : Started OceanAcademyApplicationTests in 1.079 seconds (process running for 1.482)
]]></system-out>
  <system-err><![CDATA[]]></system-err>
</testsuite>
